<?xml version="1.0" encoding="UTF-8"?>
<testsuite xmlns:xsi="http://www.w3.org/2001/XMLSchema-instance" xsi:noNamespaceSchemaLocation="https://maven.apache.org/surefire/maven-surefire-plugin/xsd/surefire-test-report-3.0.xsd" version="3.0" name="mx.kenzie.foundation.instruction.WhileTest" time="0.0" tests="2" errors="0" skipped="0" failures="0">
  <properties>
    <property name="java.specification.version" value="22"/>
    <property name="sun.jnu.encoding" value="UTF-8"/>
    <property name="java.class.path" value="/Users/moderocky/Projects/Foundation/Builder/target/test-classes:/Users/moderocky/Projects/Foundation/Builder/target/classes:/Users/moderocky/.m2/repository/mx/kenzie/foundation-assembler/3.0.0/foundation-assembler-3.0.0.jar:/Users/moderocky/.m2/repository/mx/kenzie/fern/2.0.0/fern-2.0.0.jar:/Users/moderocky/.m2/repository/org/ow2/asm/asm/9.4/asm-9.4.jar:/Users/moderocky/.m2/repository/org/ow2/asm/asm-commons/9.4/asm-commons-9.4.jar:/Users/moderocky/.m2/repository/org/ow2/asm/asm-tree/9.4/asm-tree-9.4.jar:/Users/moderocky/.m2/repository/org/ow2/asm/asm-util/9.4/asm-util-9.4.jar:/Users/moderocky/.m2/repository/org/ow2/asm/asm-analysis/9.4/asm-analysis-9.4.jar:/Users/moderocky/.m2/repository/org/jetbrains/annotations/23.0.0/annotations-23.0.0.jar:/Users/moderocky/.m2/repository/junit/junit/4.13.2/junit-4.13.2.jar:/Users/moderocky/.m2/repository/org/hamcrest/hamcrest-core/1.3/hamcrest-core-1.3.jar:/Users/moderocky/.m2/repository/org/valross/constantine/1.0.0/constantine-1.0.0.jar:"/>
    <property name="java.vm.vendor" value="Oracle Corporation"/>
    <property name="sun.arch.data.model" value="64"/>
    <property name="java.vendor.url" value="https://java.oracle.com/"/>
    <property name="os.name" value="Mac OS X"/>
    <property name="java.vm.specification.version" value="22"/>
    <property name="sun.java.launcher" value="SUN_STANDARD"/>
    <property name="user.country" value="GB"/>
    <property name="sun.boot.library.path" value="/Users/moderocky/Library/Java/JavaVirtualMachines/openjdk-22/Contents/Home/lib"/>
    <property name="sun.java.command" value="/Users/moderocky/Projects/Foundation/Builder/target/surefire/surefirebooter-20240324120222615_3.jar /Users/moderocky/Projects/Foundation/Builder/target/surefire 2024-03-24T12-02-22_575-jvmRun1 surefire-20240324120222615_1tmp surefire_0-20240324120222615_2tmp"/>
    <property name="http.nonProxyHosts" value="local|*.local|169.254/16|*.169.254/16"/>
    <property name="jdk.debug" value="release"/>
    <property name="surefire.test.class.path" value="/Users/moderocky/Projects/Foundation/Builder/target/test-classes:/Users/moderocky/Projects/Foundation/Builder/target/classes:/Users/moderocky/.m2/repository/mx/kenzie/foundation-assembler/3.0.0/foundation-assembler-3.0.0.jar:/Users/moderocky/.m2/repository/mx/kenzie/fern/2.0.0/fern-2.0.0.jar:/Users/moderocky/.m2/repository/org/ow2/asm/asm/9.4/asm-9.4.jar:/Users/moderocky/.m2/repository/org/ow2/asm/asm-commons/9.4/asm-commons-9.4.jar:/Users/moderocky/.m2/repository/org/ow2/asm/asm-tree/9.4/asm-tree-9.4.jar:/Users/moderocky/.m2/repository/org/ow2/asm/asm-util/9.4/asm-util-9.4.jar:/Users/moderocky/.m2/repository/org/ow2/asm/asm-analysis/9.4/asm-analysis-9.4.jar:/Users/moderocky/.m2/repository/org/jetbrains/annotations/23.0.0/annotations-23.0.0.jar:/Users/moderocky/.m2/repository/junit/junit/4.13.2/junit-4.13.2.jar:/Users/moderocky/.m2/repository/org/hamcrest/hamcrest-core/1.3/hamcrest-core-1.3.jar:/Users/moderocky/.m2/repository/org/valross/constantine/1.0.0/constantine-1.0.0.jar:"/>
    <property name="sun.cpu.endian" value="little"/>
    <property name="user.home" value="/Users/moderocky"/>
    <property name="user.language" value="en"/>
    <property name="java.specification.vendor" value="Oracle Corporation"/>
    <property name="java.version.date" value="2024-03-19"/>
    <property name="java.home" value="/Users/moderocky/Library/Java/JavaVirtualMachines/openjdk-22/Contents/Home"/>
    <property name="file.separator" value="/"/>
    <property name="basedir" value="/Users/moderocky/Projects/Foundation/Builder"/>
    <property name="java.vm.compressedOopsMode" value="Zero based"/>
    <property name="line.separator" value="&#10;"/>
    <property name="java.vm.specification.vendor" value="Oracle Corporation"/>
    <property name="java.specification.name" value="Java Platform API Specification"/>
    <property name="apple.awt.application.name" value="ForkedBooter"/>
    <property name="surefire.real.class.path" value="/Users/moderocky/Projects/Foundation/Builder/target/surefire/surefirebooter-20240324120222615_3.jar"/>
    <property name="sun.management.compiler" value="HotSpot 64-Bit Tiered Compilers"/>
    <property name="ftp.nonProxyHosts" value="local|*.local|169.254/16|*.169.254/16"/>
    <property name="java.runtime.version" value="22+36-2370"/>
    <property name="user.name" value="moderocky"/>
    <property name="stdout.encoding" value="UTF-8"/>
    <property name="path.separator" value=":"/>
    <property name="os.version" value="14.2.1"/>
    <property name="java.runtime.name" value="OpenJDK Runtime Environment"/>
    <property name="file.encoding" value="UTF-8"/>
    <property name="java.vm.name" value="OpenJDK 64-Bit Server VM"/>
    <property name="localRepository" value="/Users/moderocky/.m2/repository"/>
    <property name="java.vendor.url.bug" value="https://bugreport.java.com/bugreport/"/>
    <property name="java.io.tmpdir" value="/var/folders/q6/93xrcps14_bg6f8n43sx73l00000gn/T/"/>
    <property name="idea.version" value="2024.1"/>
    <property name="java.version" value="22"/>
    <property name="user.dir" value="/Users/moderocky/Projects/Foundation/Builder"/>
    <property name="os.arch" value="aarch64"/>
    <property name="java.vm.specification.name" value="Java Virtual Machine Specification"/>
    <property name="native.encoding" value="UTF-8"/>
    <property name="java.library.path" value="/Users/moderocky/Library/Java/Extensions:/Library/Java/Extensions:/Network/Library/Java/Extensions:/System/Library/Java/Extensions:/usr/lib/java:."/>
    <property name="java.vm.info" value="mixed mode, sharing"/>
    <property name="stderr.encoding" value="UTF-8"/>
    <property name="java.vendor" value="Oracle Corporation"/>
    <property name="java.vm.version" value="22+36-2370"/>
    <property name="sun.io.unicode.encoding" value="UnicodeBig"/>
    <property name="socksNonProxyHosts" value="local|*.local|169.254/16|*.169.254/16"/>
    <property name="java.class.version" value="66.0"/>
  </properties>
  <testcase name="testCheck" classname="mx.kenzie.foundation.instruction.WhileTest" time="0.0"/>
  <testcase name="testDoWhile" classname="mx.kenzie.foundation.instruction.WhileTest" time="0.0"/>
</testsuite>